<?xml version="1.0" encoding="UTF-8"?>
<testng-results total="2" passed="2" failed="0" skipped="0">
  <reporter-output>
  </reporter-output>
  <suite started-at="2024-07-22T00:43:55Z" name="Default suite" finished-at="2024-07-22T00:44:53Z" duration-ms="57249">
    <groups>
    </groups>
    <test started-at="2024-07-22T00:43:55Z" name="Default test" finished-at="2024-07-22T00:44:53Z" duration-ms="57249">
      <class name="SeleniumPackage.LoginTest">
        <test-method is-config="true" signature="setup()[pri:0, instance:SeleniumPackage.LoginTest@63f259c3]" started-at="2024-07-22T01:43:55Z" name="setup" finished-at="2024-07-22T01:44:14Z" duration-ms="19042" status="PASS">
          <reporter-output>
          </reporter-output>
        </test-method> <!-- setup -->
        <test-method signature="invalidLoginTest()[pri:0, instance:SeleniumPackage.LoginTest@63f259c3]" started-at="2024-07-22T01:44:14Z" name="invalidLoginTest" finished-at="2024-07-22T01:44:33Z" duration-ms="18670" status="PASS">
          <reporter-output>
          </reporter-output>
        </test-method> <!-- invalidLoginTest -->
        <test-method signature="successfulLoginTest()[pri:0, instance:SeleniumPackage.LoginTest@63f259c3]" started-at="2024-07-22T01:44:33Z" name="successfulLoginTest" finished-at="2024-07-22T01:44:47Z" duration-ms="13414" status="PASS">
          <reporter-output>
          </reporter-output>
        </test-method> <!-- successfulLoginTest -->
        <test-method is-config="true" signature="tearDown()[pri:0, instance:SeleniumPackage.LoginTest@63f259c3]" started-at="2024-07-22T01:44:47Z" name="tearDown" finished-at="2024-07-22T01:44:53Z" duration-ms="6049" status="PASS">
          <reporter-output>
          </reporter-output>
        </test-method> <!-- tearDown -->
      </class> <!-- SeleniumPackage.LoginTest -->
    </test> <!-- Default test -->
  </suite> <!-- Default suite -->
</testng-results>
