<?xml version="1.0" encoding="UTF-8"?>
<testng-results total="2" passed="2" failed="0" skipped="0">
  <reporter-output>
  </reporter-output>
  <suite started-at="2024-07-18T04:51:24Z" name="Default suite" finished-at="2024-07-18T04:52:08Z" duration-ms="44909">
    <groups>
    </groups>
    <test started-at="2024-07-18T04:51:24Z" name="Default test" finished-at="2024-07-18T04:52:08Z" duration-ms="44909">
      <class name="SeleniumPackage.LoginTest">
        <test-method is-config="true" signature="setup()[pri:0, instance:SeleniumPackage.LoginTest@63f259c3]" started-at="2024-07-18T05:51:24Z" name="setup" finished-at="2024-07-18T05:51:30Z" duration-ms="6838" status="PASS">
          <reporter-output>
          </reporter-output>
        </test-method> <!-- setup -->
        <test-method signature="invalidLoginTest()[pri:0, instance:SeleniumPackage.LoginTest@63f259c3]" started-at="2024-07-18T05:51:30Z" name="invalidLoginTest" finished-at="2024-07-18T05:51:56Z" duration-ms="25443" status="PASS">
          <reporter-output>
          </reporter-output>
        </test-method> <!-- invalidLoginTest -->
        <test-method signature="successfulLoginTest()[pri:0, instance:SeleniumPackage.LoginTest@63f259c3]" started-at="2024-07-18T05:51:56Z" name="successfulLoginTest" finished-at="2024-07-18T05:52:02Z" duration-ms="6606" status="PASS">
          <reporter-output>
          </reporter-output>
        </test-method> <!-- successfulLoginTest -->
        <test-method is-config="true" signature="tearDown()[pri:0, instance:SeleniumPackage.LoginTest@63f259c3]" started-at="2024-07-18T05:52:02Z" name="tearDown" finished-at="2024-07-18T05:52:08Z" duration-ms="5955" status="PASS">
          <reporter-output>
          </reporter-output>
        </test-method> <!-- tearDown -->
      </class> <!-- SeleniumPackage.LoginTest -->
    </test> <!-- Default test -->
  </suite> <!-- Default suite -->
</testng-results>
